0 info it worked if it ends with ok
1 verbose cli [ '/usr/local/bin/node', '/usr/local/bin/npm', 'run', 'dev' ]
2 info using npm@3.10.3
3 info using node@v4.4.5
4 verbose run-script [ 'predev', 'dev', 'postdev' ]
5 info lifecycle eat-record@1.0.3~predev: eat-record@1.0.3
6 silly lifecycle eat-record@1.0.3~predev: no script for predev, continuing
7 info lifecycle eat-record@1.0.3~dev: eat-record@1.0.3
8 verbose lifecycle eat-record@1.0.3~dev: unsafe-perm in lifecycle true
9 verbose lifecycle eat-record@1.0.3~dev: PATH: /usr/local/lib/node_modules/npm/bin/node-gyp-bin:/Users/kk/tests/eat-server/node_modules/.bin:/usr/local/bin:/Users/kk/anaconda2/bin:/usr/local/bin:/usr/local/bin:/usr/bin:/bin:/usr/sbin:/sbin:/usr/local/apache-tomcat-6.0.44/bin
10 verbose lifecycle eat-record@1.0.3~dev: CWD: /Users/kk/tests/eat-server
11 silly lifecycle eat-record@1.0.3~dev: Args: [ '-c',
11 silly lifecycle   'webpack --config webpack.config.babel.js && node ./lib/server.js' ]
12 silly lifecycle eat-record@1.0.3~dev: Returned: code: 1  signal: null
13 info lifecycle eat-record@1.0.3~dev: Failed to exec dev script
14 verbose stack Error: eat-record@1.0.3 dev: `webpack --config webpack.config.babel.js && node ./lib/server.js`
14 verbose stack Exit status 1
14 verbose stack     at EventEmitter.<anonymous> (/usr/local/lib/node_modules/npm/lib/utils/lifecycle.js:242:16)
14 verbose stack     at emitTwo (events.js:87:13)
14 verbose stack     at EventEmitter.emit (events.js:172:7)
14 verbose stack     at ChildProcess.<anonymous> (/usr/local/lib/node_modules/npm/lib/utils/spawn.js:40:14)
14 verbose stack     at emitTwo (events.js:87:13)
14 verbose stack     at ChildProcess.emit (events.js:172:7)
14 verbose stack     at maybeClose (internal/child_process.js:827:16)
14 verbose stack     at Process.ChildProcess._handle.onexit (internal/child_process.js:211:5)
15 verbose pkgid eat-record@1.0.3
16 verbose cwd /Users/kk/tests/eat-server
17 error Darwin 16.6.0
18 error argv "/usr/local/bin/node" "/usr/local/bin/npm" "run" "dev"
19 error node v4.4.5
20 error npm  v3.10.3
21 error code ELIFECYCLE
22 error eat-record@1.0.3 dev: `webpack --config webpack.config.babel.js && node ./lib/server.js`
22 error Exit status 1
23 error Failed at the eat-record@1.0.3 dev script 'webpack --config webpack.config.babel.js && node ./lib/server.js'.
23 error Make sure you have the latest version of node.js and npm installed.
23 error If you do, this is most likely a problem with the eat-record package,
23 error not with npm itself.
23 error Tell the author that this fails on your system:
23 error     webpack --config webpack.config.babel.js && node ./lib/server.js
23 error You can get information on how to open an issue for this project with:
23 error     npm bugs eat-record
23 error Or if that isn't available, you can get their info via:
23 error     npm owner ls eat-record
23 error There is likely additional logging output above.
24 verbose exit [ 1, true ]
